<?xml version="1.0" encoding="UTF-8"?>
<testsuite xmlns:xsi="http://www.w3.org/2001/XMLSchema-instance" xsi:noNamespaceSchemaLocation="https://maven.apache.org/surefire/maven-surefire-plugin/xsd/surefire-test-report.xsd" name="org.labtest.encrypt.SCryptCredentialHandlerTest" time="1.804" tests="6" errors="0" skipped="0" failures="0">
  <properties>
[...]
</properties>
  <testcase name="matchesTest" classname="org.labtest.encrypt.SCryptCredentialHandlerTest" time="0.483"/>
  <testcase name="encryptWithMemoryCost" classname="org.labtest.encrypt.SCryptCredentialHandlerTest" time="0.244"/>
  <testcase name="encryptWithCPUCost" classname="org.labtest.encrypt.SCryptCredentialHandlerTest" time="0.07"/>
  <testcase name="mutateTest" classname="org.labtest.encrypt.SCryptCredentialHandlerTest" time="0.38"/>
  <testcase name="encryptWithAllParameters" classname="org.labtest.encrypt.SCryptCredentialHandlerTest" time="0.08"/>
  <testcase name="encryptWithParallelization" classname="org.labtest.encrypt.SCryptCredentialHandlerTest" time="0.544"/>
</testsuite>